Virtual User Script started at: 22.05.2025 17:43:48
Starting action vuser_init.
Web Turbo Replay of LoadRunner 2021.0.0 for Windows 10; build 430 (џэт 05 2021 19:27:22)  	[MsgId: MMSG-26983]
Run mode: HTML  	[MsgId: MMSG-26993]
Replay user agent: Mozilla/5.0 (compatible; MSIE 10.0; Windows NT 6.1; Trident/6.0)  	[MsgId: MMSG-26988]
Runtime Settings file: "C:\Users\JDM\Desktop\QAP\Boomq\Scripts\CreateReport\\default.cfg"  	[MsgId: MMSG-27141]
Ending action vuser_init.
Running Vuser...
Starting iteration 1.
Maximum number of concurrent connections per server: 6  	[MsgId: MMSG-26989]
Starting action Action.
Action.c(8): web_url("authorize") started  	[MsgId: MMSG-26355]
Action.c(8): Found resource "https://dev-boomq.pflb.ru/static/js/main.cddf1824.js" in HTML "https://dev-boomq.pflb.ru/authorize"  	[MsgId: MMSG-26659]
Action.c(8): Found resource "https://dev-boomq.pflb.ru/static/css/main.64a4c65b.css" in HTML "https://dev-boomq.pflb.ru/authorize"  	[MsgId: MMSG-26659]
Action.c(8): Downloading resource "https://dev-boomq.pflb.ru/static/media/loading.b59fa25397e07d75b9ac55ace151e625.svg" (specified by argument number 10)  	[MsgId: MMSG-26577]
Action.c(8): Downloading resource "https://dev-boomq.pflb.ru/static/media/Montserrat-Medium.d42dad28f6470e5162c2.woff" (specified by argument number 12)  	[MsgId: MMSG-26577]
Action.c(8): Downloading resource "https://dev-boomq.pflb.ru/static/media/Montserrat-Regular.3db65dc4b858f0fed4fb.woff" (specified by argument number 15)  	[MsgId: MMSG-26577]
Action.c(8): Downloading resource "https://dev-boomq.pflb.ru/static/media/logo.f5ae2890e77693e018920d4ad41c643c.svg" (specified by argument number 18)  	[MsgId: MMSG-26577]
Action.c(8): Downloading resource "https://dev-boomq.pflb.ru/static/media/Montserrat-Bold.180ba33d8de7dcfe80a0.woff" (specified by argument number 20)  	[MsgId: MMSG-26577]
Action.c(8): Downloading resource "https://dev-boomq.pflb.ru/static/media/Montserrat-SemiBold.197213592de7a2a62e06.woff" (specified by argument number 23)  	[MsgId: MMSG-26577]
Action.c(8): web_url("authorize") was successful, 4190661 body bytes, 2426 header bytes  	[MsgId: MMSG-26386]
Action.c(25): web_set_max_html_param_len started  	[MsgId: MMSG-26355]
Action.c(25): web_set_max_html_param_len was successful  	[MsgId: MMSG-26392]
Action.c(27): web_reg_save_param started  	[MsgId: MMSG-26355]
Action.c(27): Registering web_reg_save_param was successful  	[MsgId: MMSG-26390]
Action.c(35): web_submit_data("login") started  	[MsgId: MMSG-26355]
Action.c(35): web_submit_data("login") was successful, 0 body bytes, 1925 header bytes  	[MsgId: MMSG-26386]
Action.c(49): web_url("modelSchema") started  	[MsgId: MMSG-26355]
Action.c(49): web_url("modelSchema") was successful, 66848 body bytes, 427 header bytes  	[MsgId: MMSG-26386]
Action.c(59): web_add_auto_header("Authorization") started  	[MsgId: MMSG-26355]
Action.c(59): Warning -26593: The header being added may cause unpredictable results when applied to all ensuing URLs. It is added anyway  	[MsgId: MWAR-26593]
Action.c(59): web_add_auto_header("Authorization") highest severity level was "warning"  	[MsgId: MMSG-26391]
Action.c(61): web_url("config.json") started  	[MsgId: MMSG-26355]
Action.c(61): web_url("config.json") was successful, 285 body bytes, 267 header bytes  	[MsgId: MMSG-26386]
Action.c(71): web_url("user") started  	[MsgId: MMSG-26355]
Action.c(71): Downloading resource "https://dev-boomq.pflb.ru/static/media/en.b1acfc6b06bfe6e29bfbfc06d09d8177.svg" (specified by argument number 10)  	[MsgId: MMSG-26577]
Action.c(71): web_url("user") was successful, 4200 body bytes, 757 header bytes  	[MsgId: MMSG-26386]
Action.c(83): web_url("identityProvider") started  	[MsgId: MMSG-26355]
Action.c(83): web_url("identityProvider") was successful, 2 body bytes, 492 header bytes  	[MsgId: MMSG-26386]
Action.c(93): web_url("team") started  	[MsgId: MMSG-26355]
Action.c(93): web_url("team") was successful, 560 body bytes, 492 header bytes  	[MsgId: MMSG-26386]
Action.c(103): web_reg_save_param started  	[MsgId: MMSG-26355]
Action.c(103): Registering web_reg_save_param was successful  	[MsgId: MMSG-26390]
Action.c(109): web_url("teamContext") started  	[MsgId: MMSG-26355]
Action.c(109): web_url("teamContext") was successful, 275 body bytes, 2844 header bytes  	[MsgId: MMSG-26386]
Action.c(119): web_url("testRunner") started  	[MsgId: MMSG-26355]
Action.c(119): web_url("testRunner") was successful, 531 body bytes, 338 header bytes  	[MsgId: MMSG-26386]
Action.c(129): Notify: Transaction "1_report" started.
Action.c(131): web_add_header("Cookie") started  	[MsgId: MMSG-26355]
Action.c(131): web_add_header("Cookie") was successful  	[MsgId: MMSG-26392]
Action.c(132): web_add_auto_header("Authorization") started  	[MsgId: MMSG-26355]
Action.c(132): Warning -26593: The header being added may cause unpredictable results when applied to all ensuing URLs. It is added anyway  	[MsgId: MWAR-26593]
Action.c(132): web_add_auto_header("Authorization") highest severity level was "warning"  	[MsgId: MMSG-26391]
Action.c(134): web_custom_request("search") started  	[MsgId: MMSG-26355]
Action.c(134): web_custom_request("search") was successful, 1924 body bytes, 338 header bytes  	[MsgId: MMSG-26386]
Action.c(146): web_url("test") started  	[MsgId: MMSG-26355]
Action.c(146): web_url("test") was successful, 73771 body bytes, 427 header bytes  	[MsgId: MMSG-26386]
Action.c(155): web_add_header("Origin") started  	[MsgId: MMSG-26355]
Action.c(155): web_add_header("Origin") was successful  	[MsgId: MMSG-26392]
Action.c(158): web_reg_save_param_json started  	[MsgId: MMSG-26355]
Action.c(158): Registering web_reg_save_param_json was successful  	[MsgId: MMSG-26390]
Action.c(164): web_custom_request("report") started  	[MsgId: MMSG-26355]
Action.c(164): web_custom_request("report") was successful, 221 body bytes, 338 header bytes  	[MsgId: MMSG-26386]
Action.c(176): web_url("report") started  	[MsgId: MMSG-26355]
Action.c(176): web_url("report") was successful, 221 body bytes, 338 header bytes  	[MsgId: MMSG-26386]
Action.c(185): web_url("content") started  	[MsgId: MMSG-26355]
Action.c(185): web_url("content") was successful, 455 body bytes, 338 header bytes  	[MsgId: MMSG-26386]
Action.c(194): web_url("test_2") started  	[MsgId: MMSG-26355]
Action.c(194): web_url("test_2") was successful, 73771 body bytes, 427 header bytes  	[MsgId: MMSG-26386]
Action.c(203): Notify: Transaction "1_report" ended with a "Pass" status (Duration: 0.4846 Wasted Time: 0.0221).
Ending action Action.
Ending iteration 1.
Ending Vuser...
Starting action vuser_end.
Ending action vuser_end.
Vuser Terminated.
